mktextfm Monaco
mktextfm Monaco
mktextfm Monaco
mktextfm Monaco/BI
mktextfm Monaco
mktextfm Monaco/B
mktextfm Monaco
mktextfm Monaco/I
mktextfm Monaco
mktextfm Monaco
mktextfm Monaco
mktextfm Monaco
mktextfm Monaco
mktextfm Monaco/BI
mktextfm Monaco
mktextfm Monaco/B
mktextfm Monaco
mktextfm Monaco/I
mktextfm Monaco
mktextfm Monaco
mktextfm 
mktextfm 
mktextfm Monaco
mktextfm Monaco
mktextfm Monaco
mktextfm Monaco
mktextfm Monaco/BI
mktextfm Monaco
mktextfm Monaco/B
mktextfm Monaco
mktextfm Monaco/I
mktextfm Monaco
mktextfm Monaco
mktextfm SimKai/OT
mktextfm SimKai/OT
mktextfm SimKai/OT
mktextfm SimKai/BI/OT
mktextfm SimKai/OT
mktextfm SimKai/B/OT
mktextfm SimKai/OT
mktextfm SimKai/I/OT
mktextfm SimKai/OT
mktextfm SimKai/OT
mktextfm SimKai/OT
mktextfm SimKai/OT
